-------------------------------------------------------------------------------
Test set: com.coderscampus.StudentClearanceSystem.StudentClearanceSystemTests
-------------------------------------------------------------------------------
Tests run: 1, Failures: 0, Errors: 1, Skipped: 0, Time elapsed: 7.283 s <<< FAILURE! - in com.coderscampus.StudentClearanceSystem.StudentClearanceSystemTests
contextLoads  Time elapsed: 0.001 s  <<< ERROR!
java.lang.IllegalStateException: Failed to load ApplicationContext
Caused by: org.springframework.beans.factory.UnsatisfiedDependencyException: Error creating bean with name 'campusUserController': Unsatisfied dependency expressed through field 'campusUserService'; nested exception is org.springframework.beans.factory.UnsatisfiedDependencyException: Error creating bean with name 'campusUserService': Unsatisfied dependency expressed through field 'campusUserRepo'; nested exception is org.springframework.beans.factory.BeanCreationException: Error creating bean with name 'campusUserRepository' defined in com.coderscampus.StudentClearanceSystem.repository.CampusUserRepository defined in @EnableJpaRepositories declared on JpaRepositoriesRegistrar.EnableJpaRepositoriesConfiguration: Invocation of init method failed; nested exception is org.springframework.data.repository.query.QueryCreationException: Could not create query for public abstract java.util.Optional com.coderscampus.StudentClearanceSystem.repository.CampusUserRepository.findByEmail(java.lang.String)! Reason: Validation failed for query for method public abstract java.util.Optional com.coderscampus.StudentClearanceSystem.repository.CampusUserRepository.findByEmail(java.lang.String)!; nested exception is java.lang.IllegalArgumentException: Validation failed for query for method public abstract java.util.Optional com.coderscampus.StudentClearanceSystem.repository.CampusUserRepository.findByEmail(java.lang.String)!
Caused by: org.springframework.beans.factory.UnsatisfiedDependencyException: Error creating bean with name 'campusUserService': Unsatisfied dependency expressed through field 'campusUserRepo'; nested exception is org.springframework.beans.factory.BeanCreationException: Error creating bean with name 'campusUserRepository' defined in com.coderscampus.StudentClearanceSystem.repository.CampusUserRepository defined in @EnableJpaRepositories declared on JpaRepositoriesRegistrar.EnableJpaRepositoriesConfiguration: Invocation of init method failed; nested exception is org.springframework.data.repository.query.QueryCreationException: Could not create query for public abstract java.util.Optional com.coderscampus.StudentClearanceSystem.repository.CampusUserRepository.findByEmail(java.lang.String)! Reason: Validation failed for query for method public abstract java.util.Optional com.coderscampus.StudentClearanceSystem.repository.CampusUserRepository.findByEmail(java.lang.String)!; nested exception is java.lang.IllegalArgumentException: Validation failed for query for method public abstract java.util.Optional com.coderscampus.StudentClearanceSystem.repository.CampusUserRepository.findByEmail(java.lang.String)!
Caused by: org.springframework.beans.factory.BeanCreationException: Error creating bean with name 'campusUserRepository' defined in com.coderscampus.StudentClearanceSystem.repository.CampusUserRepository defined in @EnableJpaRepositories declared on JpaRepositoriesRegistrar.EnableJpaRepositoriesConfiguration: Invocation of init method failed; nested exception is org.springframework.data.repository.query.QueryCreationException: Could not create query for public abstract java.util.Optional com.coderscampus.StudentClearanceSystem.repository.CampusUserRepository.findByEmail(java.lang.String)! Reason: Validation failed for query for method public abstract java.util.Optional com.coderscampus.StudentClearanceSystem.repository.CampusUserRepository.findByEmail(java.lang.String)!; nested exception is java.lang.IllegalArgumentException: Validation failed for query for method public abstract java.util.Optional com.coderscampus.StudentClearanceSystem.repository.CampusUserRepository.findByEmail(java.lang.String)!
Caused by: org.springframework.data.repository.query.QueryCreationException: Could not create query for public abstract java.util.Optional com.coderscampus.StudentClearanceSystem.repository.CampusUserRepository.findByEmail(java.lang.String)! Reason: Validation failed for query for method public abstract java.util.Optional com.coderscampus.StudentClearanceSystem.repository.CampusUserRepository.findByEmail(java.lang.String)!; nested exception is java.lang.IllegalArgumentException: Validation failed for query for method public abstract java.util.Optional com.coderscampus.StudentClearanceSystem.repository.CampusUserRepository.findByEmail(java.lang.String)!
Caused by: java.lang.IllegalArgumentException: Validation failed for query for method public abstract java.util.Optional com.coderscampus.StudentClearanceSystem.repository.CampusUserRepository.findByEmail(java.lang.String)!
Caused by: java.lang.IllegalArgumentException: org.hibernate.QueryException: could not resolve property: email of: com.coderscampus.StudentClearanceSystem.domain.CampusUser [SELECT s FROM  com.coderscampus.StudentClearanceSystem.domain.CampusUser s WHERE s.email=?1]
Caused by: org.hibernate.QueryException: could not resolve property: email of: com.coderscampus.StudentClearanceSystem.domain.CampusUser [SELECT s FROM  com.coderscampus.StudentClearanceSystem.domain.CampusUser s WHERE s.email=?1]
Caused by: org.hibernate.QueryException: could not resolve property: email of: com.coderscampus.StudentClearanceSystem.domain.CampusUser

