-------------------------------------------------------------------------------
Test set: com.coderscampus.StudentClearanceSystem.controller.AuthControllerTest
-------------------------------------------------------------------------------
Tests run: 3, Failures: 0, Errors: 2, Skipped: 0, Time elapsed: 1.625 s <<< FAILURE! -- in com.coderscampus.StudentClearanceSystem.controller.AuthControllerTest
com.coderscampus.StudentClearanceSystem.controller.AuthControllerTest.testLogin_Success -- Time elapsed: 1.506 s <<< ERROR!
java.lang.NullPointerException: Cannot invoke "com.coderscampus.StudentClearanceSystem.repository.AccountRepository.findByUsername(String)" because "this.accountRepo" is null
	at com.coderscampus.StudentClearanceSystem.controller.AuthController.login(AuthController.java:36)
	at com.coderscampus.StudentClearanceSystem.controller.AuthControllerTest.testLogin_Success(AuthControllerTest.java:56)
	at java.base/java.lang.reflect.Method.invoke(Method.java:569)
	at java.base/java.util.ArrayList.forEach(ArrayList.java:1511)
	at java.base/java.util.ArrayList.forEach(ArrayList.java:1511)

com.coderscampus.StudentClearanceSystem.controller.AuthControllerTest.testLogin_BadCredentials -- Time elapsed: 0.014 s <<< ERROR!
java.lang.NullPointerException: Cannot invoke "com.coderscampus.StudentClearanceSystem.repository.AccountRepository.findByUsername(String)" because "this.accountRepo" is null
	at com.coderscampus.StudentClearanceSystem.controller.AuthController.login(AuthController.java:36)
	at com.coderscampus.StudentClearanceSystem.controller.AuthControllerTest.testLogin_BadCredentials(AuthControllerTest.java:74)
	at java.base/java.lang.reflect.Method.invoke(Method.java:569)
	at java.base/java.util.ArrayList.forEach(ArrayList.java:1511)
	at java.base/java.util.ArrayList.forEach(ArrayList.java:1511)

